Henry_Ford: (linksTo-In) Detroit,  (linksTo-Out) William_C._Durant, 
Henry_Ford: (linksTo-In) Detroit,  (linksTo-Out) New_Center,_Detroit,  (linksTo-Out) William_C._Durant, 
Henry_Ford: (linksTo-In) Detroit,  (linksTo-In) New_Center,_Detroit,  (linksTo-Out) William_C._Durant, 
Henry_Ford: (linksTo-Out) The_Detroit_News,  (linksTo-In) Detroit,  (linksTo-Out) William_C._Durant, 
Henry_Ford: (linksTo-Out) The_Detroit_News,  (linksTo-Out) Detroit,  (linksTo-Out) William_C._Durant, 
Henry_Ford: (linksTo-Out) The_Detroit_News,  (linksTo-In) New_Center,_Detroit,  (linksTo-Out) William_C._Durant, 
Henry_Ford: (linksTo-Out) Cathedral_Church_of_St._Paul,_Detroit,  (isLocatedIn-Out) Detroit,  (linksTo-Out) William_C._Durant, 
Henry_Ford: (linksTo-Out) Detroit,  (linksTo-Out) William_C._Durant, 
Henry_Ford: (linksTo-Out) Detroit,  (linksTo-Out) New_Center,_Detroit,  (linksTo-Out) William_C._Durant, 
Henry_Ford: (linksTo-Out) Detroit,  (linksTo-In) New_Center,_Detroit,  (linksTo-Out) William_C._Durant, 
Henry_Ford: (linksTo-Out) Detroit_Automobile_Company,  (isLocatedIn-Out) Detroit,  (linksTo-Out) William_C._Durant, 
Henry_Ford: (linksTo-Out) Detroit_Automobile_Company,  (linksTo-Out) Detroit,  (linksTo-Out) William_C._Durant, 
Henry_Ford: (linksTo-In) Detroit_Electric,  (isLocatedIn-Out) Detroit,  (linksTo-Out) William_C._Durant, 
Henry_Ford: (linksTo-In) Detroit_Electric,  (linksTo-Out) Detroit,  (linksTo-Out) William_C._Durant, 
Henry_Ford: (linksTo-In) Cathedral_Church_of_St._Paul,_Detroit,  (isLocatedIn-Out) Detroit,  (linksTo-Out) William_C._Durant, 
Henry_Ford: (linksTo-In) New_Center,_Detroit,  (linksTo-Out) William_C._Durant, 
Henry_Ford: (linksTo-In) New_Center,_Detroit,  (linksTo-In) Detroit,  (linksTo-Out) William_C._Durant, 
Henry_Ford: (linksTo-In) New_Center,_Detroit,  (linksTo-Out) Detroit,  (linksTo-Out) William_C._Durant, 
Henry_Ford: (linksTo-In) Neighborhoods_in_Detroit,  (linksTo-Out) New_Center,_Detroit,  (linksTo-Out) William_C._Durant, 
Henry_Ford: (linksTo-In) Neighborhoods_in_Detroit,  (linksTo-Out) Detroit,  (linksTo-Out) William_C._Durant, 
Henry_Ford: (linksTo-In) Woodlawn_Cemetery_(Detroit,_Michigan),  (isLocatedIn-Out) Detroit,  (linksTo-Out) William_C._Durant, 
Henry_Ford: (linksTo-In) Detroit_Automobile_Company,  (isLocatedIn-Out) Detroit,  (linksTo-Out) William_C._Durant, 
Henry_Ford: (linksTo-In) Detroit_Automobile_Company,  (linksTo-Out) Detroit,  (linksTo-Out) William_C._Durant, 
Henry_Ford: (linksTo-In) Architecture_of_metropolitan_Detroit,  (linksTo-Out) New_Center,_Detroit,  (linksTo-Out) William_C._Durant, 
Henry_Ford: (linksTo-In) Architecture_of_metropolitan_Detroit,  (linksTo-Out) Detroit,  (linksTo-Out) William_C._Durant, 
Henry_Ford: (linksTo-In) National_Register_of_Historic_Places_listings_in_Detroit,_Michigan,  (isLocatedIn-Out) Detroit,  (linksTo-Out) William_C._Durant, 
Henry_Ford: (linksTo-In) National_Register_of_Historic_Places_listings_in_Detroit,_Michigan,  (linksTo-Out) Detroit,  (linksTo-Out) William_C._Durant, 
Henry_Ford: (linksTo-In) Dry_Dock_Complex_(Detroit,_Michigan),  (isLocatedIn-Out) Detroit,  (linksTo-Out) William_C._Durant, 
Henry_Ford: (linksTo-In) Detroit_Financial_District,  (isLocatedIn-Out) Detroit,  (linksTo-Out) William_C._Durant, 
Henry_Ford: (linksTo-In) Detroit_Financial_District,  (linksTo-In) Detroit,  (linksTo-Out) William_C._Durant, 
Henry_Ford: (linksTo-In) Detroit_Financial_District,  (linksTo-Out) Detroit,  (linksTo-Out) William_C._Durant, 
Henry_Ford: (linksTo-In) Cycling_in_Detroit,  (linksTo-Out) Detroit,  (linksTo-Out) William_C._Durant, 
