Consult,_not_specified_below	9
Reject_request_or_demand_for_material_aid,_not_specified_below	65
Receive_deployment_of_peacekeepers	160
Express_intent_to_provide_humanitarian_aid	191
Reject,_not_specified_below	23
Demonstrate_military_or_police_power,_not_specified_below	81
Cooperate_economically	0
Demonstrate_or_rally	49
Appeal,_not_specified_below	5
Accede_to_demands_for_rights	157
Express_intent_to_cooperate_economically	87
Appeal_to_yield	107
Complain_officially	55
Appeal_for_political_reform,_not_specified_below	110
Demonstrate_for_leadership_change	174
Accuse_of_human_rights_abuses	178
Abduct,_hijack,_or_take_hostage	37
Rally_opposition_against	32
Occupy_territory	13
Express_intent_to_provide_economic_aid	117
Demand_ceasefire	205
Ease_military_blockade	189
Express_intent_to_settle_dispute	159
Threaten_to_halt_negotiations	127
Accuse_of_crime,_corruption	119
Employ_aerial_weapons	68
Refuse_to_de-escalate_military_engagement	170
Appeal_for_humanitarian_aid	145
Engage_in_political_dissent,_not_specified_below	72
Ease_state_of_emergency_or_martial_law	152
Rally_support_on_behalf_of	93
Yield,_not_specified_below	60
Express_intent_to_institute_political_reform,_not_specified_below	133
Impose_blockade,_restrict_movement	61
Engage_in_negotiation	39
Obstruct_passage,_block	137
Express_intent_to_meet_or_negotiate	20
Sexually_assault	79
Refuse_to_yield,_not_specified_below	125
Engage_in_judicial_cooperation	187
Impose_state_of_emergency_or_martial_law	50
Make_pessimistic_comment	25
Impose_administrative_sanctions,_not_specified_below	17
Ease_restrictions_on_political_freedoms	209
Investigate_human_rights_abuses	192
Defend_verbally	103
Engage_in_symbolic_act	27
Demand_economic_aid	204
Conduct_hunger_strike,_not_specified_below	136
Threaten_conventional_attack	76
Express_intent_to_cooperate_militarily	177
Impose_restrictions_on_political_freedoms	113
Accuse_of_aggression	28
Accuse,_not_specified_below	26
Confiscate_property	59
Investigate,_not_specified_below	11
Express_intent_to_release_persons_or_property	114
Reduce_or_stop_aid,_not_specified_below	120
Accede_to_requests_or_demands_for_political_reform_not_specified_below	150
Conduct_strike_or_boycott,_not_specified_below	82
Ease_economic_sanctions,_boycott,_embargo	102
Express_intent_to_provide_military_protection_or_peacekeeping	147
Assassinate	111
Use_tactics_of_violent_repression	30
Demand_information,_investigation	180
Reduce_or_break_diplomatic_relations	97
Appeal_for_diplomatic_cooperation,_such_as_policy_support	83
Reduce_relations,_not_specified_below	70
Express_intent_to_change_institutions,_regime	168
Grant_asylum	78
Threaten_to_use_military_force,_not_specified_below	74
Appeal_to_others_to_settle_dispute	40
Appeal_for_military_protection_or_peacekeeping	153
Express_intent_to_engage_in_material_cooperation,_not_specified_below	51
Appeal_for_economic_aid	101
Carry_out_suicide_bombing	108
Make_statement,_not_specified_below	6
Increase_police_alert_status	132
Investigate_crime,_corruption	134
Refuse_to_ease_administrative_sanctions	148
Provide_military_protection_or_peacekeeping	156
Meet_at_a_ÒhirdÓlocation	52
Reject_economic_cooperation	208
Demand,_not_specified_below	31
Threaten_with_violent_repression	167
Grant_diplomatic_recognition	139
Accuse_of_war_crimes	95
Conduct_strike_or_boycott_for_leadership_change	185
Return,_release_person(s)	47
Express_intent_to_provide_matyerial_aid,_not_specified_below	77
Appeal_to_others_to_meet_or_negotiate	43
Demand_release_of_persons_or_property	69
Disapprove,_not_specified_below	12
Criticize_or_denounce	16
Express_intent_to_provide_military_aid	100
Threaten_occupation	194
Protest_violently,_riot	66
Veto	62
Apologize	155
Threaten_to_reduce_or_break_relations	158
Declare_truce,_ceasefire	42
Conduct_suicide,_car,_or_other_non-military_bombing,_not_spec_below	22
Discuss_by_telephone	84
Threaten_to_boycott,_embargo,_or_sanction	130
Provide_military_aid	67
Carry_out_car_bombing	172
Threaten_non-force,_not_specified_below	46
Give_ultimatum	88
Appeal_for_release_of_persons_or_property	166
Express_intent_to_de-escalate_military_engagement	123
Provide_aid,_not_specified_below	38
Demand_rights	163
Mediate	56
Demand_change_in_leadership	140
Reject_proposal_to_meet,_discuss,_or_negotiate	112
Threaten_to_reduce_or_stop_aid	181
Defy_norms,_law	73
Halt_negotiations	90
Express_intent_to_cooperate,_not_specified_below	48
Expel_or_deport_individuals	35
Appeal_to_others_to_engage_in_or_accept_mediation	106
Receive_inspectors	183
Torture	115
Ease_political_dissent	176
Make_empathetic_comment	53
Appeal_for_material_cooperation,_not_specified_below	109
Return,_release,_not_specified_below	41
Reject_plan,_agreement_to_settle_dispute	57
Express_intent_to_mediate	171
Retreat_or_surrender_militarily	45
Fight_with_artillery_and_tanks	36
Engage_in_ethnic_cleansing	151
Express_intent_to_change_leadership	188
Express_intent_to_yield,_not_specified_below	80
Make_a_visit	7
Mobilize_or_increase_police_power	135
Refuse_to_ease_economic_sanctions,_boycott,_or_embargo	175
Appeal_for_economic_cooperation	164
Demand_intelligence_cooperation	118
Appeal_for_change_in_institutions,_regime	195
Reject_request_or_demand_for_political_reform,_not_specified_below	206
Accuse_of_espionage,_treason	207
Refuse_to_release_persons_or_property	91
Investigate_military_action	201
Consider_policy_option	24
Kill_by_physical_assault	89
Expel_or_withdraw_inspectors,_observers	197
Appeal_for_rights	190
Coerce,_not_specified_below	104
Appeal_for_judicial_cooperation	128
Demand_change_in_institutions,_regime	142
Expel_or_withdraw,_not_specified_below	131
Appeal_for_policy_change	193
Attempt_to_assassinate	144
Arrest,_detain,_or_charge_with_legal_action	2
Threaten_political_dissent,_protest	105
Use_as_human_shield	202
Investigate_war_crimes	196
Destroy_property	85
Make_optimistic_comment	29
Increase_military_alert_status	124
Host_a_visit	4
Mobilize_or_increase_armed_forces	94
Demand_mediation	92
Use_conventional_military_force,_not_specified_below	8
Threaten_unconventional_violence	154
Violate_ceasefire	149
Express_intent_to_provide_diplomatic_cooperation_such_as_policy_support	126
Engage_in_mass_killings	122
Share_intelligence_or_information	116
Reduce_or_stop_economic_assistance	184
Use_unconventional_violence,_not_specified_below	75
Impose_embargo,_boycott,_or_sanctions	3
Sign_formal_agreement	71
Express_intent_to_accept_mediation	203
Cooperate_militarily	138
Demand_judicial_cooperation	182
Forgive	162
Accede_to_demands_for_change_in_leadership	58
Provide_economic_aid	14
Ease_administrative_sanctions,_not_specified_below	44
Reject_request_for_rights	200
Express_accord	169
Demand_de-escalation_of_military_engagement106:[-5.0]_Demand_withdrawal	143
De-escalate_military_engagement	186
Deny_responsibility	63
Engage_in_material_cooperation,_not_specified_below	15
Ban_political_parties_or_politicians	129
Bring_lawsuit_against	21
Return,_release_property	86
Provide_humanitarian_aid	19
Decline_comment	96
Demobilize_armed_forces	165
Praise_or_endorse	10
Impose_curfew	141
Engage_in_diplomatic_cooperation,_not_specified_below	34
Demand_policy_support	199
Appeal_for_de-escalation_of_military_engagement	173
Seize_or_damage_property,_not_specified_below	99
Appeal_for_aid,_not_specified_below	98
Fight_with_small_arms_and_light_weapons	18
Allow_international_involvement_not_specified_below	146
Appeal_for_intelligence	64
Threaten,_not_specified_below	1
Physically_assault,_not_specified_below	33
Accede_to_demands_for_change_in_institutions,_regime	198
Demonstrate_for_policy_change	210
Appeal_for_military_aid	179
Acknowledge_or_claim_responsibility	54
Appeal_for_change_in_leadership	121
Engage_in_mass_expulsion	161
