outgaining	350
pre-sold	99
caused	57
peruse	160
produce	56
upsold	239
causes	60
reposted	318
praised	92
Designed	215
issued	27
defuse	79
accuse	113
Recalls	307
gainsay	236
halting	143
Secure	290
developing	2
enthuse	251
overproduces	333
mass-produced	150
reappraised	284
regained	119
enclosed	271
investment	161
investing	36
worshipping	193
codeveloping	325
worships	263
infuse	81
housewarming	259
focuses	39
exchange	100
Changed	228
remanufactured	230
reported	20
focused	34
remanufactures	229
supplying	107
changed	63
oversold	287
soldier	355
launched	15
Unveiled	313
changes	114
secure	19
preannounced	269
Recalling	172
bused	226
Stopping	359
foreign-exchange	221
use	11
recalling	109
recused	151
Invested	363
expanding	14
household	227
started	7
muse	316
suffused	327
reissued	75
excuse	305
cosigned	352
championships	362
suffuses	341
Introduced	282
Supply	326
recall	70
outgain	275
reproduce	133
halts	233
brinkmanship	315
funhouse	278
pauses	217
reshipped	337
Began	331
confused	123
paused	74
kick-started	196
degenerate	302
confuses	336
Cause	299
effuses	367
regains	149
secured	64
reinvested	273
re-use	142
secures	136
nonstop	261
bothered	164
halted	59
membership	262
abuse	130
designed	65
IS-A	0
kickstarted	197
Expanding	167
refuse	76
investigates	108
amuse	257
re-started	244
doused	71
WORSHIPPED	329
roused	218
invests	69
producer	240
produces	50
developed	53
expects	13
produced	84
worship	134
muses	176
ships	204
greenhouse --	110
disclosed	85
worshiping	354
mused	202
re-signed	268
halt	3
unveiling	131
appraised	181
outgained	183
smothering	168
bothering	199
misuse	94
braised	270
caucuses	280
overused	152
stopped	61
overuses	328
Use	138
backstopping	248
riposted	276
grouse	277
house	58
Backstopped	317
used	10
reused	219
Added	214
DEVELOPING	339
announces	139
worshiped	293
investigation	356
reuses	179
cause	77
announced	1
INVESTIGATED	347
housed	190
houses	120
National Spot Exchange Ltd. --	322
generate	9
competes	98
launch	41
Developed	159
mothering	192
shipped	68
regaining	102
competed	132
undersold	135
misused	146
Managing	210
bargaining	141
reintroduced	205
confuse	177
Started	279
outraised	231
clearinghouses	296
Launched	188
bargained	265
gainful	372
oversupply	234
Launching	206
defused	175
disabuse	222
defuses	200
bother	48
arouse	252
espouse	184
underenthused	297
recuse	174
relaunched	122
Halt	121
reinfuse	360
Focused	366
soldiered	163
Sold	272
added	16
coproduced	241
'cause	208
enthused	171
republishing	289
Expects	295
padded	256
pause	103
announce	30
Generate	314
exchanged	156
gains	91
backstops	258
stop	67
reinvesting	182
exchanges	349
misreported	238
coproduce	303
investigate	88
shortchange	235
accuses	78
Investing	194
arouses	286
accused	17
resigned	46
aroused	201
reproduced	260
Gaining	237
managing	96
mismanaging	207
forecast	40
reassigned	203
closed	24
bargains	189
Developing	242
Recall	285
sold	8
reproduces	147
Compete	358
trousered	250
Makes	191
disabused	128
Confused	300
'Cause	345
forecasting	12
supply	38
refocused	95
smother	212
MAKES	312
forecasted	45
fused	148
publishing	115
Unveiling	319
regenerate	304
bothers	185
fuses	309
resupply	334
warehoused	346
overmanaging	288
underinvested	253
BEGAN	324
foreclosed	162
Investigating	357
diffuse	93
Accuses	338
remakes	266
overuse	353
launches	126
expanded	49
Accused	283
stopping	144
investigating	73
Causes	335
showstopping	368
saidadded	255
bargain-hunting	348
develop	35
overexpanded	361
shortchanges	342
began	5
Launch	343
Stop	223
Excuse	320
shortchanged	137
redevelops	332
investigated	82
vis-a-vis	195
redevelop	209
infuses	180
forecasts	72
fuse	216
uses	33
infused	83
expand	37
smothers	364
makes	23
redesigned	154
codesigned	308
underreported	170
dystopias	340
investments	178
assigned	111
groused	198
espouses	187
espoused	55
Change	124
reuse	245
relaunching	306
Shipping	365
unveil	125
Investigate	311
Raised	292
degenerated	87
Produced	186
recalls	66
resold	213
micromanaging	157
generates	116
refocuses	264
backstopped	129
reinvest	158
stops	90
Supplying	225
regain	54
redeveloping	97
under-reported	86
manufactured	89
refused	18
upraised	249
refuses	117
smothered	224
manufactures	44
gained	47
Forecasting	281
generated	32
shipping	127
introduced	42
perused	267
soldiering	323
raised	22
fundraised	321
Used	166
nonplused	370
underused	232
worshipped	169
Uses	101
douse	247
launching	112
manufacture	25
carouse	330
re-launch	211
manufacturers	371
Invest	294
change	6
gain	52
backstop	106
rouse	104
codevelop	291
posted	21
abused	118
homeownership	301
restarted	62
bargain	165
signed	28
unveils	140
abuses	310
soldering	369
Develop	246
Publishing	274
consigned	254
ship	145
excused	298
excuses	351
warehouse	344
gaining	51
outsold	155
redeveloped	243
develops	105
invested	43
relaunch	173
unveiled	31
invest	26
amused	80
compete	29
recalled	4
expands	153
Issued	220
